<?xml version="1.0" encoding="UTF-8"?>
<!-- Generated by org.testng.reporters.JUnitXMLReporter -->
<testsuite hostname="FULL419-PRT.FULL.Creative" ignored="6" name="Default test" tests="5" failures="0" timestamp="30 Mar 2018 07:19:09 GMT" time="39.955" errors="0">
  <testcase name="StartAW" time="20.139" classname="AW.AWautomation"/>
  <testcase name="setChromeAttributes" time="1.106" classname="AW.AWautomation"/>
  <testcase name="ChromeCommunication" time="0.685" classname="AW.AWautomation"/>
  <testcase name="fetch" time="17.989" classname="AW.AWautomation"/>
  <testcase name="closeaw" time="0.015" classname="AW.AWautomation"/>
  <testcase name="Backupform" time="0.0" classname="AW.AWautomation">
    <ignored/>
  </testcase> <!-- Backupform -->
  <testcase name="Login" time="0.0" classname="AW.AWautomation">
    <ignored/>
  </testcase> <!-- Login -->
  <testcase name="Feedback" time="0.0" classname="AW.AWautomation">
    <ignored/>
  </testcase> <!-- Feedback -->
  <testcase name="ClearCache" time="0.0" classname="AW.AWautomation">
    <ignored/>
  </testcase> <!-- ClearCache -->
  <testcase name="Reload" time="0.0" classname="AW.AWautomation">
    <ignored/>
  </testcase> <!-- Reload -->
  <testcase name="Refetch" time="0.0" classname="AW.AWautomation">
    <ignored/>
  </testcase> <!-- Refetch -->
</testsuite> <!-- Default test -->
