<?xml version="1.0" encoding="UTF-8"?>
<testng-results skipped="0" failed="0" ignored="6" total="11" passed="5">
  <reporter-output>
  </reporter-output>
  <suite name="Default suite" duration-ms="39955" started-at="2018-03-30T07:18:29Z" finished-at="2018-03-30T07:19:09Z">
    <groups>
    </groups>
    <test name="Default test" duration-ms="39955" started-at="2018-03-30T07:18:29Z" finished-at="2018-03-30T07:19:09Z">
      <class name="AW.AWautomation">
        <test-method status="PASS" signature="beforetest()[pri:0, instance:AW.AWautomation@7823a2f9]" name="beforetest" is-config="true" duration-ms="238" started-at="2018-03-30T12:48:29Z" finished-at="2018-03-30T12:48:29Z">
          <reporter-output>
          </reporter-output>
        </test-method> <!-- beforetest -->
        <test-method status="PASS" signature="StartAW()[pri:0, instance:AW.AWautomation@7823a2f9]" name="StartAW" duration-ms="20139" started-at="2018-03-30T12:48:29Z" finished-at="2018-03-30T12:48:49Z">
          <reporter-output>
          </reporter-output>
        </test-method> <!-- StartAW -->
        <test-method status="PASS" signature="setChromeAttributes()[pri:1, instance:AW.AWautomation@7823a2f9]" name="setChromeAttributes" duration-ms="1106" started-at="2018-03-30T12:48:49Z" finished-at="2018-03-30T12:48:50Z">
          <reporter-output>
          </reporter-output>
        </test-method> <!-- setChromeAttributes -->
        <test-method status="PASS" signature="ChromeCommunication()[pri:2, instance:AW.AWautomation@7823a2f9]" name="ChromeCommunication" duration-ms="685" started-at="2018-03-30T12:48:50Z" finished-at="2018-03-30T12:48:51Z">
          <reporter-output>
          </reporter-output>
        </test-method> <!-- ChromeCommunication -->
        <test-method status="PASS" signature="fetch()[pri:3, instance:AW.AWautomation@7823a2f9]" name="fetch" duration-ms="17989" started-at="2018-03-30T12:48:51Z" finished-at="2018-03-30T12:49:09Z">
          <reporter-output>
          </reporter-output>
        </test-method> <!-- fetch -->
        <test-method status="PASS" signature="closeaw()[pri:12, instance:AW.AWautomation@7823a2f9]" name="closeaw" duration-ms="15" started-at="2018-03-30T12:49:09Z" finished-at="2018-03-30T12:49:09Z">
          <reporter-output>
          </reporter-output>
        </test-method> <!-- closeaw -->
        <test-method status="PASS" signature="aftersuite()[pri:0, instance:AW.AWautomation@7823a2f9]" name="aftersuite" is-config="true" duration-ms="342" started-at="2018-03-30T12:49:09Z" finished-at="2018-03-30T12:49:09Z">
          <reporter-output>
          </reporter-output>
        </test-method> <!-- aftersuite -->
      </class> <!-- AW.AWautomation -->
    </test> <!-- Default test -->
  </suite> <!-- Default suite -->
</testng-results>
